2024-01-09 15:36:02,975 [INFO] Activator:176 - 


2024-01-09 15:36:02,975 [INFO] Activator:177 - !SESSION log4j initialized
2024-01-09 15:36:05,241 [INFO] LogOutputStream:77 - [STDOUT_REDIRECT] 
2024-01-09 15:36:07,249 [INFO] ApplicationProperties:184 - Using Application install path: C:\ST\STM32CubeIDE_1.13.2\STM32CubeIDE\plugins\com.st.stm32cube.common.mx_6.9.2.202309101412
2024-01-09 15:36:07,266 [INFO] DbMcusXml:78 - Set database path to: C:\ST\STM32CubeIDE_1.13.2\STM32CubeIDE\plugins\com.st.stm32cube.common.mx_6.9.2.202309101412\\db\/mcu/
2024-01-09 15:36:07,266 [INFO] ApiDb:274 - Set plugin database path to: C:\ST\STM32CubeIDE_1.13.2\STM32CubeIDE\plugins\com.st.stm32cube.common.mx_6.9.2.202309101412\\db\/plugins/boardmanager/
2024-01-09 15:36:07,267 [WARN] ApiDb:259 - Overriding images path with different value:  => C:\ST\STM32CubeIDE_1.13.2\STM32CubeIDE\plugins\com.st.stm32cube.common.mx_6.9.2.202309101412\\db\/plugins/mcufinder/images/
2024-01-09 15:36:07,278 [INFO] ApiDb:250 - Set database path to: C:\Users\graet\.stmcufinder\plugins\mcufinder//mcu/
2024-01-09 15:36:07,280 [INFO] DbMcusAds:125 - Set database path to: C:\Users\graet\.stmcufinder\plugins\mcufinder//mcu/
2024-01-09 15:36:07,282 [INFO] CrossReferenceDbSqlite:203 - Set database path to: C:\Users\graet\.stmcufinder\plugins\mcufinder//mcu/cs/
2024-01-09 15:36:07,404 [INFO] RulesReader:64 - Compatibility file has been processed (293 Rules)
2024-01-09 15:36:07,470 [INFO] DbMcusXml:78 - Set database path to: C:\ST\STM32CubeIDE_1.13.2\STM32CubeIDE\plugins\com.st.stm32cube.common.mx_6.9.2.202309101412\\db\/mcu/
2024-01-09 15:36:07,470 [INFO] ApiDb:274 - Set plugin database path to: C:\ST\STM32CubeIDE_1.13.2\STM32CubeIDE\plugins\com.st.stm32cube.common.mx_6.9.2.202309101412\\db\/plugins/boardmanager/
2024-01-09 15:36:07,470 [INFO] ApiDb:261 - Set plugin images path to: C:\ST\STM32CubeIDE_1.13.2\STM32CubeIDE\plugins\com.st.stm32cube.common.mx_6.9.2.202309101412\\db\/plugins/mcufinder/images/
2024-01-09 15:36:07,470 [WARN] DbFile:41 - Overriding database path with different value: C:\Users\graet\.stmcufinder\plugins\mcufinder/ => C:\Users\graet\.stmcufinder\plugins\mcufinder
2024-01-09 15:36:07,471 [INFO] ApiDb:250 - Set database path to: C:\Users\graet\.stmcufinder\plugins\mcufinder//mcu/
2024-01-09 15:36:07,471 [WARN] DbFile:41 - Overriding database path with different value: C:\Users\graet\.stmcufinder\plugins\mcufinder/ => C:\Users\graet\.stmcufinder\plugins\mcufinder
2024-01-09 15:36:07,471 [INFO] DbMcusAds:125 - Set database path to: C:\Users\graet\.stmcufinder\plugins\mcufinder//mcu/
2024-01-09 15:36:07,471 [WARN] DbFile:41 - Overriding database path with different value: C:\Users\graet\.stmcufinder\plugins\mcufinder/ => C:\Users\graet\.stmcufinder\plugins\mcufinder
2024-01-09 15:36:07,471 [WARN] DbFile:41 - Overriding database path with different value: C:\Users\graet\.stmcufinder\plugins\mcufinder/ => C:\Users\graet\.stmcufinder\plugins\mcufinder
2024-01-09 15:36:07,471 [INFO] CrossReferenceDbSqlite:203 - Set database path to: C:\Users\graet\.stmcufinder\plugins\mcufinder//mcu/cs/
2024-01-09 15:36:07,539 [INFO] MainPanel:262 - HeapMemory: 268435456
2024-01-09 15:36:07,622 [INFO] DbMcusXml:78 - Set database path to: C:\ST\STM32CubeIDE_1.13.2\STM32CubeIDE\plugins\com.st.stm32cube.common.mx_6.9.2.202309101412\\db\/mcu/
2024-01-09 15:36:07,622 [INFO] ApiDb:274 - Set plugin database path to: C:\ST\STM32CubeIDE_1.13.2\STM32CubeIDE\plugins\com.st.stm32cube.common.mx_6.9.2.202309101412\\db\/plugins/boardmanager/
2024-01-09 15:36:07,622 [INFO] ApiDb:261 - Set plugin images path to: C:\ST\STM32CubeIDE_1.13.2\STM32CubeIDE\plugins\com.st.stm32cube.common.mx_6.9.2.202309101412\\db\/plugins/mcufinder/images/
2024-01-09 15:36:07,623 [WARN] DbFile:41 - Overriding database path with different value: C:\Users\graet\.stmcufinder\plugins\mcufinder/ => C:\Users\graet\.stmcufinder\plugins\mcufinder
2024-01-09 15:36:07,623 [INFO] ApiDb:250 - Set database path to: C:\Users\graet\.stmcufinder\plugins\mcufinder//mcu/
2024-01-09 15:36:07,623 [WARN] DbFile:41 - Overriding database path with different value: C:\Users\graet\.stmcufinder\plugins\mcufinder/ => C:\Users\graet\.stmcufinder\plugins\mcufinder
2024-01-09 15:36:07,623 [INFO] DbMcusAds:125 - Set database path to: C:\Users\graet\.stmcufinder\plugins\mcufinder//mcu/
2024-01-09 15:36:07,623 [WARN] DbFile:41 - Overriding database path with different value: C:\Users\graet\.stmcufinder\plugins\mcufinder/ => C:\Users\graet\.stmcufinder\plugins\mcufinder
2024-01-09 15:36:07,623 [WARN] DbFile:41 - Overriding database path with different value: C:\Users\graet\.stmcufinder\plugins\mcufinder/ => C:\Users\graet\.stmcufinder\plugins\mcufinder
2024-01-09 15:36:07,623 [INFO] CrossReferenceDbSqlite:203 - Set database path to: C:\Users\graet\.stmcufinder\plugins\mcufinder//mcu/cs/
2024-01-09 15:36:07,639 [INFO] ApplicationProperties:184 - Using Application install path: C:\ST\STM32CubeIDE_1.13.2\STM32CubeIDE\plugins\com.st.stm32cube.common.mx_6.9.2.202309101412
2024-01-09 15:36:07,641 [INFO] PluginManage:196 - Search for loadable plugins [exclusion list=, ]
2024-01-09 15:36:07,642 [INFO] PluginManage:310 - Check plugin analytics
2024-01-09 15:36:07,800 [INFO] AnalyticsPlugin:253 - Accepted Software Licenses: 
2024-01-09 15:36:07,801 [INFO] AnalyticsPlugin:255 - Accepted CMSIS Pack Licenses: STMicroelectronics.X-CUBE-TOUCHGFX.4.16.1
2024-01-09 15:36:07,801 [INFO] AnalyticsPlugin:257 - Accepted Firmware Licenses: 
2024-01-09 15:36:07,803 [INFO] PluginManage:359 - Loaded plugin analytics (category:tool,tabindex:-1)
2024-01-09 15:36:07,804 [INFO] PluginManage:310 - Check plugin cadmodel
2024-01-09 15:36:07,812 [INFO] CADModel:105 - Init CAD model plugin
2024-01-09 15:36:07,812 [INFO] PluginManage:359 - Loaded plugin cadmodel (category:power,tabindex:5)
2024-01-09 15:36:07,812 [INFO] PluginManage:310 - Check plugin clock
2024-01-09 15:36:07,825 [INFO] PluginManage:359 - Loaded plugin clock (category:base,tabindex:2)
2024-01-09 15:36:07,826 [INFO] PluginManage:310 - Check plugin ddr
2024-01-09 15:36:07,828 [INFO] PluginManage:359 - Loaded plugin ddr (category:tool,tabindex:6)
2024-01-09 15:36:07,829 [INFO] PluginManage:310 - Check plugin filemanager
2024-01-09 15:36:07,968 [INFO] PluginManage:359 - Loaded plugin filemanager (category:base,tabindex:10)
2024-01-09 15:36:07,968 [INFO] PluginManage:310 - Check plugin ipmanager
2024-01-09 15:36:07,976 [INFO] PluginManage:359 - Loaded plugin ipmanager (category:base,tabindex:5)
2024-01-09 15:36:07,976 [INFO] PluginManage:310 - Check plugin lpbam
2024-01-09 15:36:07,986 [INFO] PluginManage:359 - Loaded plugin lpbam (category:base,tabindex:0)
2024-01-09 15:36:07,987 [INFO] PluginManage:310 - Check plugin memorymap
2024-01-09 15:36:08,005 [INFO] PluginManage:359 - Loaded plugin memorymap (category:base,tabindex:4)
2024-01-09 15:36:08,005 [INFO] PluginManage:310 - Check plugin pinoutandconfiguration
2024-01-09 15:36:08,016 [INFO] PluginManage:359 - Loaded plugin pinoutandconfiguration (category:base,tabindex:1)
2024-01-09 15:36:08,016 [INFO] PluginManage:310 - Check plugin pinoutconfig
2024-01-09 15:36:08,143 [WARN] SupportedApi:132 - Cannot load RTOS API schema: s4s-elt-must-match.1: The content of 'definitions' must match (annotation?, (simpleType | complexType)?, (unique | key | keyref)*)). A problem was found starting at: attribute.
2024-01-09 15:36:08,274 [INFO] PluginManage:359 - Loaded plugin pinoutconfig (category:base,tabindex:0)
2024-01-09 15:36:08,275 [INFO] PluginManage:310 - Check plugin power
2024-01-09 15:36:08,287 [INFO] PluginManage:359 - Loaded plugin power (category:power,tabindex:4)
2024-01-09 15:36:08,287 [INFO] PluginManage:310 - Check plugin projectmanager
2024-01-09 15:36:08,301 [INFO] PluginManage:359 - Loaded plugin projectmanager (category:projectmanager,tabindex:3)
2024-01-09 15:36:08,302 [INFO] PluginManage:310 - Check plugin thirdparty
2024-01-09 15:36:08,429 [INFO] PluginManage:359 - Loaded plugin thirdparty (category:base,tabindex:-1)
2024-01-09 15:36:08,429 [INFO] PluginManage:310 - Check plugin tools
2024-01-09 15:36:08,429 [WARN] IntegrityCheckThread:84 - waiting for thirdparty lock release [integrity check]
2024-01-09 15:36:08,429 [INFO] IntegrityCheckThread:86 - entering critical section [integrity check]
2024-01-09 15:36:08,430 [INFO] ThirdPartyUpdaterWithRetryManager:70 - Updater plugin not ready yet. [1/15]
2024-01-09 15:36:08,432 [INFO] PluginManage:359 - Loaded plugin tools (category:base,tabindex:7)
2024-01-09 15:36:08,432 [INFO] PluginManage:310 - Check plugin tutovideos
2024-01-09 15:36:08,661 [INFO] PluginManage:359 - Loaded plugin tutovideos (category:base,tabindex:-1)
2024-01-09 15:36:08,661 [INFO] PluginManage:310 - Check plugin updater
2024-01-09 15:36:08,674 [INFO] PluginManage:359 - Loaded plugin updater (category:base,tabindex:12)
2024-01-09 15:36:08,674 [INFO] PluginManage:310 - Check plugin userauth
2024-01-09 15:36:08,688 [INFO] UserAuth:113 - Init User Auth plugin
2024-01-09 15:36:08,689 [INFO] PluginManage:359 - Loaded plugin userauth (category:base,tabindex:14)
2024-01-09 15:36:08,689 [INFO] PluginManage:283 - PluginManage : Loaded plugins [17]
2024-01-09 15:36:08,897 [INFO] PinOutPanel:1499 - setPackage(No Configuration,No Configuration)
2024-01-09 15:36:09,021 [INFO] CADModel:165 - CPN selected for project level
2024-01-09 15:36:09,022 [INFO] CADModel:114 - Register for checkConnection events
2024-01-09 15:36:09,043 [INFO] IPUIPlugin:80 - create IPUIPlugin
2024-01-09 15:36:09,043 [INFO] PluginManager:220 - loadIPPluginJar : add adc
2024-01-09 15:36:09,047 [INFO] IPUIPlugin:80 - create IPUIPlugin
2024-01-09 15:36:09,047 [INFO] PluginManager:220 - loadIPPluginJar : add aes
2024-01-09 15:36:09,051 [INFO] IPUIPlugin:80 - create IPUIPlugin
2024-01-09 15:36:09,051 [INFO] PluginManager:220 - loadIPPluginJar : add can
2024-01-09 15:36:09,053 [INFO] IPUIPlugin:80 - create IPUIPlugin
2024-01-09 15:36:09,054 [INFO] PluginManager:220 - loadIPPluginJar : add comp
2024-01-09 15:36:09,057 [INFO] IPUIPlugin:80 - create IPUIPlugin
2024-01-09 15:36:09,057 [INFO] PluginManager:220 - loadIPPluginJar : add cryp
2024-01-09 15:36:09,061 [INFO] IPUIPlugin:80 - create IPUIPlugin
2024-01-09 15:36:09,061 [INFO] PluginManager:220 - loadIPPluginJar : add dfsdm
2024-01-09 15:36:09,068 [INFO] IPUIPlugin:80 - create IPUIPlugin
2024-01-09 15:36:09,068 [INFO] PluginManager:220 - loadIPPluginJar : add dma
2024-01-09 15:36:09,072 [INFO] IPUIPlugin:80 - create IPUIPlugin
2024-01-09 15:36:09,072 [INFO] PluginManager:220 - loadIPPluginJar : add dma3
2024-01-09 15:36:09,074 [INFO] IPUIPlugin:80 - create IPUIPlugin
2024-01-09 15:36:09,075 [INFO] PluginManager:220 - loadIPPluginJar : add fatfs
2024-01-09 15:36:09,081 [INFO] IPUIPlugin:80 - create IPUIPlugin
2024-01-09 15:36:09,082 [INFO] PluginManager:220 - loadIPPluginJar : add fmc
2024-01-09 15:36:09,090 [INFO] IPUIPlugin:80 - create IPUIPlugin
2024-01-09 15:36:09,090 [INFO] PluginManager:220 - loadIPPluginJar : add freertos
2024-01-09 15:36:09,093 [INFO] IPUIPlugin:80 - create IPUIPlugin
2024-01-09 15:36:09,093 [INFO] PluginManager:220 - loadIPPluginJar : add genericplugin
2024-01-09 15:36:09,098 [INFO] IPUIPlugin:80 - create IPUIPlugin
2024-01-09 15:36:09,098 [INFO] PluginManager:220 - loadIPPluginJar : add gfxmmu
2024-01-09 15:36:09,105 [INFO] IPUIPlugin:80 - create IPUIPlugin
2024-01-09 15:36:09,105 [INFO] PluginManager:220 - loadIPPluginJar : add gic
2024-01-09 15:36:09,111 [INFO] IPUIPlugin:80 - create IPUIPlugin
2024-01-09 15:36:09,112 [INFO] PluginManager:220 - loadIPPluginJar : add gpio
2024-01-09 15:36:09,116 [INFO] IPUIPlugin:80 - create IPUIPlugin
2024-01-09 15:36:09,116 [INFO] PluginManager:220 - loadIPPluginJar : add gtzc
2024-01-09 15:36:09,119 [INFO] IPUIPlugin:80 - create IPUIPlugin
2024-01-09 15:36:09,120 [INFO] PluginManager:220 - loadIPPluginJar : add hash
2024-01-09 15:36:09,123 [INFO] IPUIPlugin:80 - create IPUIPlugin
2024-01-09 15:36:09,124 [INFO] PluginManager:220 - loadIPPluginJar : add i2c
2024-01-09 15:36:09,128 [INFO] IPUIPlugin:80 - create IPUIPlugin
2024-01-09 15:36:09,128 [INFO] PluginManager:220 - loadIPPluginJar : add i2s
2024-01-09 15:36:09,132 [INFO] IPUIPlugin:80 - create IPUIPlugin
2024-01-09 15:36:09,132 [INFO] PluginManager:220 - loadIPPluginJar : add i3c
2024-01-09 15:36:09,136 [INFO] IPUIPlugin:80 - create IPUIPlugin
2024-01-09 15:36:09,136 [INFO] PluginManager:220 - loadIPPluginJar : add ipddr
2024-01-09 15:36:09,147 [INFO] IPUIPlugin:80 - create IPUIPlugin
2024-01-09 15:36:09,147 [INFO] PluginManager:220 - loadIPPluginJar : add linkedlist
2024-01-09 15:36:09,151 [INFO] IPUIPlugin:80 - create IPUIPlugin
2024-01-09 15:36:09,152 [INFO] PluginManager:220 - loadIPPluginJar : add lorawan
2024-01-09 15:36:09,154 [INFO] IPUIPlugin:80 - create IPUIPlugin
2024-01-09 15:36:09,154 [INFO] PluginManager:220 - loadIPPluginJar : add ltdc
2024-01-09 15:36:09,164 [INFO] IPUIPlugin:80 - create IPUIPlugin
2024-01-09 15:36:09,165 [INFO] PluginManager:220 - loadIPPluginJar : add mdma
2024-01-09 15:36:09,169 [INFO] IPUIPlugin:80 - create IPUIPlugin
2024-01-09 15:36:09,169 [INFO] PluginManager:220 - loadIPPluginJar : add nvic
2024-01-09 15:36:09,173 [INFO] IPUIPlugin:80 - create IPUIPlugin
2024-01-09 15:36:09,173 [INFO] PluginManager:220 - loadIPPluginJar : add opamp
2024-01-09 15:36:09,179 [INFO] IPUIPlugin:80 - create IPUIPlugin
2024-01-09 15:36:09,180 [INFO] PluginManager:220 - loadIPPluginJar : add openamp
2024-01-09 15:36:09,185 [INFO] IPUIPlugin:80 - create IPUIPlugin
2024-01-09 15:36:09,185 [INFO] PluginManager:220 - loadIPPluginJar : add pdm2pcm
2024-01-09 15:36:09,193 [INFO] IPUIPlugin:80 - create IPUIPlugin
2024-01-09 15:36:09,196 [INFO] PluginManager:220 - loadIPPluginJar : add plateformsettings
2024-01-09 15:36:09,199 [INFO] IPUIPlugin:80 - create IPUIPlugin
2024-01-09 15:36:09,199 [INFO] PluginManager:220 - loadIPPluginJar : add quadspi
2024-01-09 15:36:09,205 [INFO] IPUIPlugin:80 - create IPUIPlugin
2024-01-09 15:36:09,205 [INFO] PluginManager:220 - loadIPPluginJar : add resmgrutility
2024-01-09 15:36:09,209 [INFO] IPUIPlugin:80 - create IPUIPlugin
2024-01-09 15:36:09,209 [INFO] PluginManager:220 - loadIPPluginJar : add sai
2024-01-09 15:36:09,213 [INFO] IPUIPlugin:80 - create IPUIPlugin
2024-01-09 15:36:09,213 [INFO] PluginManager:220 - loadIPPluginJar : add spi
2024-01-09 15:36:09,219 [INFO] IPUIPlugin:80 - create IPUIPlugin
2024-01-09 15:36:09,219 [INFO] PluginManager:220 - loadIPPluginJar : add stm32_wpan
2024-01-09 15:36:09,222 [INFO] IPUIPlugin:80 - create IPUIPlugin
2024-01-09 15:36:09,222 [INFO] PluginManager:220 - loadIPPluginJar : add tim
2024-01-09 15:36:09,226 [INFO] IPUIPlugin:80 - create IPUIPlugin
2024-01-09 15:36:09,227 [INFO] PluginManager:220 - loadIPPluginJar : add touchsensing
2024-01-09 15:36:09,230 [INFO] IPUIPlugin:80 - create IPUIPlugin
2024-01-09 15:36:09,230 [INFO] PluginManager:220 - loadIPPluginJar : add tracer_emb
2024-01-09 15:36:09,233 [INFO] IPUIPlugin:80 - create IPUIPlugin
2024-01-09 15:36:09,233 [INFO] PluginManager:220 - loadIPPluginJar : add ts
2024-01-09 15:36:09,235 [INFO] IPUIPlugin:80 - create IPUIPlugin
2024-01-09 15:36:09,235 [INFO] PluginManager:220 - loadIPPluginJar : add tsc
2024-01-09 15:36:09,237 [INFO] IPUIPlugin:80 - create IPUIPlugin
2024-01-09 15:36:09,238 [INFO] PluginManager:220 - loadIPPluginJar : add ucpd
2024-01-09 15:36:09,241 [INFO] IPUIPlugin:80 - create IPUIPlugin
2024-01-09 15:36:09,241 [INFO] PluginManager:220 - loadIPPluginJar : add usart
2024-01-09 15:36:09,245 [INFO] IPUIPlugin:80 - create IPUIPlugin
2024-01-09 15:36:09,245 [INFO] PluginManager:220 - loadIPPluginJar : add usbx
2024-01-09 15:36:09,366 [INFO] CADModel:165 - CPN selected for project level
2024-01-09 15:36:09,366 [INFO] CADModel:114 - Register for checkConnection events
2024-01-09 15:36:09,367 [FATAL] Updater:308 - Updater called before beeing initialized
2024-01-09 15:36:09,367 [ERROR] CADModel:125 - Updater not yet initialized, retry later 
2024-01-09 15:36:09,518 [INFO] CADModel:165 - CPN selected for project level
2024-01-09 15:36:09,518 [INFO] CADModel:114 - Register for checkConnection events
2024-01-09 15:36:09,518 [FATAL] Updater:308 - Updater called before beeing initialized
2024-01-09 15:36:09,518 [ERROR] CADModel:125 - Updater not yet initialized, retry later 
2024-01-09 15:36:09,522 [FATAL] Updater:308 - Updater called before beeing initialized
2024-01-09 15:36:09,623 [FATAL] Updater:308 - Updater called before beeing initialized
2024-01-09 15:36:09,630 [INFO] DbMcusAds:53 - JSON generation date=Tue Mar 07 09:50:55 CET 2023 (1678179055335)
2024-01-09 15:36:09,630 [FATAL] Updater:308 - Updater called before beeing initialized
2024-01-09 15:36:09,699 [WARN] DetailPanel:346 - Failed to get advertising image, set to default
2024-01-09 15:36:09,800 [FATAL] Updater:308 - Updater called before beeing initialized
2024-01-09 15:36:09,802 [FATAL] Updater:308 - Updater called before beeing initialized
2024-01-09 15:36:09,802 [FATAL] Updater:308 - Updater called before beeing initialized
2024-01-09 15:36:09,802 [WARN] DetailPanel:346 - Failed to get advertising image, set to default
2024-01-09 15:36:09,803 [FATAL] Updater:308 - Updater called before beeing initialized
2024-01-09 15:36:09,853 [ERROR] Updater:1120 - MainUpdater not yet initialized. External WinMGr cannot be set.
2024-01-09 15:36:09,855 [INFO] Updater:1056 - Updater Version found : 6.9.2
2024-01-09 15:36:09,872 [INFO] ApplicationProperties:184 - Using Application install path: C:\ST\STM32CubeIDE_1.13.2\STM32CubeIDE\plugins\com.st.stm32cube.common.mx_6.9.2.202309101412
2024-01-09 15:36:09,905 [INFO] MainUpdater:521 - Copy updater definitions from MX database
2024-01-09 15:36:09,963 [INFO] MainUpdater:2868 - connection check result : 10
2024-01-09 15:36:09,963 [INFO] MainUpdater:3562 - Updater definition file requires update
2024-01-09 15:36:09,965 [INFO] MainUpdater:285 - Updater Check For Update Now.
2024-01-09 15:36:09,965 [INFO] MicroXplorer:498 - Change Database Version : DB.6.0.92
2024-01-09 15:36:09,970 [INFO] McuFinderGlobals:63 - Set McuFinder mode to 2 (CubeIDE integrated)
2024-01-09 15:36:09,970 [INFO] UserAuth:179 - activating auth plugin
2024-01-09 15:36:09,973 [INFO] UserAuth:393 - Internet connection configuration mode: 1
2024-01-09 15:36:09,988 [INFO] JxBrowserEngine:151 - Initiate JxBrowser Engine with user profile folder
2024-01-09 15:36:10,021 [INFO] ServerAccessManage:473 - Download File updaters.zip
2024-01-09 15:36:10,077 [INFO] FileExtend:240 - Unzip File : updaters.zip
2024-01-09 15:36:10,078 [INFO] FileExtend:255 - Standard Zip Deflate
2024-01-09 15:36:10,320 [INFO] ServerAccessManage:473 - Download File PacksControlFlags.xml
2024-01-09 15:36:10,388 [INFO] ServerAccessManage:473 - Download File cubemx.pidx
2024-01-09 15:36:10,859 [INFO] ServerAccessManage:473 - Download File STMicroelectronics.FP-SNS-MOTENVWB1.pdsc
2024-01-09 15:36:10,962 [INFO] WebApp:157 - Instantiating new browser for Auth
2024-01-09 15:36:11,322 [INFO] ServerAccessManage:473 - Download File STMicroelectronics.X-CUBE-ISPU.pdsc
2024-01-09 15:36:11,431 [WARN] MainUpdater:1189 - Updater busy. Cannot search thirdparties
2024-01-09 15:36:11,431 [INFO] ThirdPartyUpdaterWithRetryManager:96 - Updater plugin is busy. [1/15]
2024-01-09 15:36:11,636 [INFO] WebApp:753 - Register for checkConnection events
2024-01-09 15:36:11,637 [INFO] WebApp:390 - Apply proxy settings
2024-01-09 15:36:11,637 [INFO] WebApp:475 - Chromium requires no authentication
2024-01-09 15:36:11,649 [INFO] WebApp:418 - Direct internet connection detected
2024-01-09 15:36:11,832 [INFO] ServerAccessManage:473 - Download File STMicroelectronics.X-CUBE-TOUCHGFX.pdsc
2024-01-09 15:36:11,871 [INFO] WebApp:188 - Starting web application
2024-01-09 15:36:11,871 [INFO] WebApp:520 - Web application path used C:\ST\STM32CubeIDE_1.13.2\STM32CubeIDE\plugins\com.st.stm32cube.common.mx_6.9.2.202309101412\db\plugins\mcufinder\reactClient1\index.html
2024-01-09 15:36:13,637 [INFO] ServerAccessManage:473 - Download File STMicroelectronics.X-CUBE-AZRTOS-H7.pdsc
2024-01-09 15:36:14,432 [WARN] MainUpdater:1189 - Updater busy. Cannot search thirdparties
2024-01-09 15:36:14,432 [INFO] ThirdPartyUpdaterWithRetryManager:96 - Updater plugin is busy. [2/15]
2024-01-09 15:36:14,767 [ERROR] ServerAccessManage:1096 - Problem, Http access forbiden
2024-01-09 15:36:14,768 [ERROR] ServerAccessManage:651 - Problem, Http access forbiden : RoweBots.I-CUBE-UNISONRTOS.pdsc.
2024-01-09 15:36:14,937 [INFO] ServerAccessManage:473 - Download File SEGGER.I-CUBE-embOS.pdsc
2024-01-09 15:36:15,187 [WARN] PackLoader:240 - Cannot read IP mode file for STMicroelectronics.FP-SNS-MOTENVWB1.1.3.1
2024-01-09 15:36:15,199 [WARN] PackLoader:240 - Cannot read IP mode file for STMicroelectronics.X-CUBE-ISPU.2.0.0
2024-01-09 15:36:15,207 [WARN] PackLoader:240 - Cannot read IP mode file for STMicroelectronics.X-CUBE-TOUCHGFX.4.23.0
2024-01-09 15:36:15,240 [WARN] PackLoader:240 - Cannot read IP mode file for STMicroelectronics.X-CUBE-AZRTOS-H7.3.2.0
2024-01-09 15:36:15,287 [WARN] PackLoader:240 - Cannot read IP mode file for SEGGER.I-CUBE-embOS.1.3.1
2024-01-09 15:36:15,312 [INFO] CheckServerUpdateThread:120 - End of CheckServer Thread
2024-01-09 15:36:15,325 [INFO] PopulateThirdPartyThread:66 - Ending populate Thread
2024-01-09 15:36:15,326 [INFO] ThirdParty:1030 - CMSIS Pack Vendor :SEGGER I-CUBE-embOS 1.3.1
2024-01-09 15:36:15,326 [INFO] ThirdParty:1030 - CMSIS Pack Vendor :STMicroelectronics FP-SNS-MOTENVWB1 1.3.1
2024-01-09 15:36:15,326 [INFO] ThirdParty:1030 - CMSIS Pack Vendor :STMicroelectronics X-CUBE-TOUCHGFX 4.23.0
2024-01-09 15:36:15,327 [INFO] ThirdParty:1030 - CMSIS Pack Vendor :STMicroelectronics X-CUBE-AZRTOS-H7 3.2.0
2024-01-09 15:36:15,327 [INFO] ThirdParty:1030 - CMSIS Pack Vendor :STMicroelectronics X-CUBE-ISPU 2.0.0
2024-01-09 15:36:15,327 [INFO] LoadServerUpdatesThread:373 - End of LoadServerUpdate Thread
2024-01-09 15:36:17,575 [WARN] PackLoader:240 - Cannot read IP mode file for STMicroelectronics.X-CUBE-SMBUS.2.1.0
2024-01-09 15:36:17,579 [WARN] PackLoader:240 - Cannot read IP mode file for STMicroelectronics.X-CUBE-TOUCHGFX.4.23.0
2024-01-09 15:36:17,596 [WARN] PackLoader:240 - Cannot read IP mode file for STMicroelectronics.X-CUBE-AZRTOS-F7.1.1.0
2024-01-09 15:36:17,607 [WARN] PackLoader:240 - Cannot read IP mode file for STMicroelectronics.FP-SNS-MOTENV1.4.3.2
2024-01-09 15:36:17,614 [WARN] PackLoader:240 - Cannot read IP mode file for STMicroelectronics.FP-SNS-FLIGHT1.5.0.2
2024-01-09 15:36:17,622 [WARN] PackLoader:240 - Cannot read IP mode file for STMicroelectronics.X-CUBE-DISPLAY.3.0.0
2024-01-09 15:36:17,633 [WARN] PackLoader:240 - Cannot read IP mode file for STMicroelectronics.X-CUBE-BLE1.7.0.0
2024-01-09 15:36:17,640 [WARN] PackLoader:240 - Cannot read IP mode file for emotas.I-CUBE-CANOPEN.1.3.0
2024-01-09 15:36:17,644 [WARN] PackLoader:240 - Cannot read IP mode file for STMicroelectronics.X-CUBE-TOUCHGFX.4.22.1
2024-01-09 15:36:17,649 [WARN] PackLoader:240 - Cannot read IP mode file for STMicroelectronics.FP-SNS-SMARTAG2.1.2.0
2024-01-09 15:36:17,660 [INFO] LogOutputStream:77 - [STDOUT_REDIRECT] 1 : Invalid condition id : UX_CORESTACK_Condition cause : null
2024-01-09 15:36:17,661 [INFO] LogOutputStream:77 - [STDOUT_REDIRECT] 1 : Invalid condition id : UX_CORESTACK_Condition cause : null
2024-01-09 15:36:17,662 [INFO] LogOutputStream:77 - [STDOUT_REDIRECT] 1 : Invalid condition id : UX_CORESTACK_Condition cause : null
2024-01-09 15:36:17,664 [INFO] LogOutputStream:77 - [STDOUT_REDIRECT] 1 : Invalid condition id : UX_CORESTACK_Condition cause : null
2024-01-09 15:36:17,665 [INFO] LogOutputStream:77 - [STDOUT_REDIRECT] 1 : Invalid condition id : UX_CORESTACK_Condition cause : null
2024-01-09 15:36:17,673 [WARN] PackLoader:240 - Cannot read IP mode file for STMicroelectronics.X-CUBE-AZRTOS-WL.2.0.0
2024-01-09 15:36:17,684 [WARN] PackLoader:240 - Cannot read IP mode file for WES.I-CUBE-Cesium.1.3.0
2024-01-09 15:36:17,691 [WARN] PackLoader:240 - Cannot read IP mode file for STMicroelectronics.X-CUBE-BLE2.3.3.0
2024-01-09 15:36:17,700 [WARN] PackLoader:240 - Cannot read IP mode file for STMicroelectronics.X-CUBE-ALGOBUILD.1.3.0
2024-01-09 15:36:17,722 [WARN] PackLoader:240 - Cannot read IP mode file for STMicroelectronics.X-CUBE-AZRTOS-G0.1.1.0
2024-01-09 15:36:17,731 [WARN] PackLoader:240 - Cannot read IP mode file for STMicroelectronics.X-CUBE-NFC4.3.0.0
2024-01-09 15:36:17,748 [WARN] PackLoader:240 - Cannot read IP mode file for STMicroelectronics.X-CUBE-BLEMGR.3.0.0
2024-01-09 15:36:17,754 [WARN] PackLoader:240 - Cannot read IP mode file for STMicroelectronics.FP-ATR-SIGFOX1.3.2.0
2024-01-09 15:36:17,778 [WARN] PackLoader:240 - Cannot read IP mode file for SEGGER.I-CUBE-embOS.1.3.1
2024-01-09 15:36:17,816 [WARN] PackLoader:240 - Cannot read IP mode file for STMicroelectronics.X-CUBE-TOUCHGFX.4.16.1
2024-01-09 15:36:17,864 [WARN] PackLoader:240 - Cannot read IP mode file for STMicroelectronics.X-CUBE-GNSS1.6.0.0
2024-01-09 15:36:17,884 [WARN] PackLoader:240 - Cannot read IP mode file for STMicroelectronics.X-CUBE-AZRTOS-F4.1.1.0
2024-01-09 15:36:17,890 [WARN] PackLoader:240 - Cannot read IP mode file for wolfSSL.I-CUBE-wolfSSL.5.6.4
2024-01-09 15:36:17,908 [WARN] PackLoader:240 - Cannot read IP mode file for STMicroelectronics.X-CUBE-AZRTOS-L5.2.0.0
2024-01-09 15:36:17,917 [WARN] PackLoader:240 - Cannot read IP mode file for STMicroelectronics.X-CUBE-EEPRMA1.4.2.0
2024-01-09 15:36:17,923 [WARN] PackLoader:240 - Cannot read IP mode file for ITTIA_DB.I-CUBE-ITTIADB.8.8.0
2024-01-09 15:36:17,939 [WARN] ConditionMgr:438 - getConditionDescription Invalid condition id : UX DEVICE CLASS RTOS Condition cause : null
2024-01-09 15:36:17,939 [WARN] ConditionMgr:438 - getConditionDescription Invalid condition id : UX DEVICE CLASS RTOS Condition cause : null
2024-01-09 15:36:17,943 [WARN] PackLoader:240 - Cannot read IP mode file for STMicroelectronics.X-CUBE-AZRTOS-H7.3.1.0
2024-01-09 15:36:17,945 [WARN] ConditionMgr:1039 - genDependencies : Invalid condition id : UX DEVICE CLASS RTOS Condition cause : null
2024-01-09 15:36:17,945 [WARN] ConditionMgr:1039 - genDependencies : Invalid condition id : UX DEVICE CLASS RTOS Condition cause : null
2024-01-09 15:36:17,945 [WARN] ConditionMgr:1039 - genDependencies : Invalid condition id : UX DEVICE CLASS RTOS Condition cause : null
2024-01-09 15:36:17,946 [WARN] ConditionMgr:1039 - genDependencies : Invalid condition id : UX DEVICE CLASS RTOS Condition cause : null
2024-01-09 15:36:17,946 [WARN] ConditionMgr:1039 - genDependencies : Invalid condition id : UX DEVICE CLASS RTOS Condition cause : null
2024-01-09 15:36:17,951 [WARN] PackLoader:240 - Cannot read IP mode file for STMicroelectronics.X-CUBE-NFC7.1.0.1
2024-01-09 15:36:17,960 [WARN] PackLoader:240 - Cannot read IP mode file for STMicroelectronics.X-CUBE-NFC6.3.0.0
2024-01-09 15:36:17,965 [WARN] PackLoader:240 - Cannot read IP mode file for STMicroelectronics.X-CUBE-AI.8.1.0
2024-01-09 15:36:17,982 [WARN] ConditionMgr:438 - getConditionDescription Invalid condition id : LAN8742 Phy interface Condition cause : null
2024-01-09 15:36:17,983 [WARN] PackLoader:240 - Cannot read IP mode file for STMicroelectronics.X-CUBE-AZRTOS-L4.2.0.0
2024-01-09 15:36:17,984 [WARN] ConditionMgr:1039 - genDependencies : Invalid condition id : LAN8742 Phy interface Condition cause : null
2024-01-09 15:36:17,985 [WARN] ConditionMgr:1039 - genDependencies : Invalid condition id : LAN8742 Phy interface Condition cause : null
2024-01-09 15:36:17,986 [WARN] ConditionMgr:1039 - genDependencies : Invalid condition id : LAN8742 Phy interface Condition cause : null
2024-01-09 15:36:17,992 [WARN] PackLoader:240 - Cannot read IP mode file for STMicroelectronics.X-CUBE-SFXS2LP1.4.0.0
2024-01-09 15:36:17,998 [WARN] PackLoader:240 - Cannot read IP mode file for STMicroelectronics.X-CUBE-ISPU.1.1.0
2024-01-09 15:36:18,008 [WARN] ConditionMgr:438 - getConditionDescription Invalid condition id : UX DEVICE CLASS RTOS Condition cause : null
2024-01-09 15:36:18,008 [WARN] ConditionMgr:438 - getConditionDescription Invalid condition id : UX DEVICE CLASS RTOS Condition cause : null
2024-01-09 15:36:18,010 [WARN] PackLoader:240 - Cannot read IP mode file for STMicroelectronics.X-CUBE-AZRTOS-WB.2.0.0
2024-01-09 15:36:18,010 [WARN] ConditionMgr:1039 - genDependencies : Invalid condition id : UX DEVICE CLASS RTOS Condition cause : null
2024-01-09 15:36:18,011 [WARN] ConditionMgr:1039 - genDependencies : Invalid condition id : UX DEVICE CLASS RTOS Condition cause : null
2024-01-09 15:36:18,011 [WARN] ConditionMgr:1039 - genDependencies : Invalid condition id : UX DEVICE CLASS RTOS Condition cause : null
2024-01-09 15:36:18,011 [WARN] ConditionMgr:1039 - genDependencies : Invalid condition id : UX DEVICE CLASS RTOS Condition cause : null
2024-01-09 15:36:18,011 [WARN] ConditionMgr:1039 - genDependencies : Invalid condition id : UX DEVICE CLASS RTOS Condition cause : null
2024-01-09 15:36:18,021 [WARN] PackLoader:240 - Cannot read IP mode file for STMicroelectronics.X-CUBE-SUBG2.5.0.0
2024-01-09 15:36:18,036 [WARN] PackLoader:240 - Cannot read IP mode file for STMicroelectronics.X-CUBE-AZRTOS-G4.2.0.0
2024-01-09 15:36:18,047 [WARN] PackLoader:240 - Cannot read IP mode file for Infineon.AIROC-Wi-Fi-Bluetooth-STM32.1.5.1
2024-01-09 15:36:18,054 [WARN] PackLoader:240 - Cannot read IP mode file for STMicroelectronics.FP-SNS-MOTENVWB1.1.3.0
2024-01-09 15:36:18,057 [WARN] PackLoader:240 - Cannot read IP mode file for STMicroelectronics.FP-SNS-MOTENVWB1.1.3.1
2024-01-09 15:36:18,061 [WARN] PackLoader:240 - Cannot read IP mode file for STMicroelectronics.X-CUBE-ISPU.2.0.0
2024-01-09 15:36:18,090 [WARN] PackLoader:240 - Cannot read IP mode file for STMicroelectronics.X-CUBE-MEMS1.10.0.0
2024-01-09 15:36:18,193 [WARN] PackLoader:240 - Cannot read IP mode file for STMicroelectronics.X-CUBE-FREERTOS.1.1.0
2024-01-09 15:36:18,199 [WARN] PackLoader:240 - Cannot read IP mode file for portGmbH.I-Cube-SoM-uGOAL.1.1.0
2024-01-09 15:36:18,205 [WARN] PackLoader:240 - Cannot read IP mode file for STMicroelectronics.X-CUBE-ALS.1.0.1
2024-01-09 15:36:18,214 [WARN] PackLoader:240 - Cannot read IP mode file for STMicroelectronics.FP-ATR-ASTRA1.2.0.0
2024-01-09 15:36:18,230 [WARN] PackLoader:240 - Cannot read IP mode file for STMicroelectronics.X-CUBE-TOF1.3.4.0
2024-01-09 15:36:18,256 [WARN] PackLoader:240 - Cannot read IP mode file for STMicroelectronics.X-CUBE-AZRTOS-H7.3.2.0
2024-01-09 15:36:18,260 [INFO] ThirdParty:978 - Integrity check success = true
2024-01-09 15:36:18,260 [INFO] IntegrityCheckThread:100 - exiting critical section [integrity check]
2024-01-09 15:36:18,260 [INFO] IntegrityCheckThread:103 - End integrity checks thread
2024-01-09 15:36:19,335 [ERROR] LogOutputStream:75 - [STDERR_REDIRECT] 
